TN:
SF:src/shuttleDoc.js
FN:9,parse
FN:32,(anonymous_1)
FN:59,(anonymous_2)
FN:72,(anonymous_3)
FN:95,parseDeclaration
FN:106,(anonymous_5)
FN:119,parseLeadingComments
FN:121,(anonymous_7)
FN:126,(anonymous_8)
FNF:9
FNH:0
FNDA:0,parse
FNDA:0,(anonymous_1)
FNDA:0,(anonymous_2)
FNDA:0,(anonymous_3)
FNDA:0,parseDeclaration
FNDA:0,(anonymous_5)
FNDA:0,parseLeadingComments
FNDA:0,(anonymous_7)
FNDA:0,(anonymous_8)
DA:1,0
DA:2,0
DA:3,0
DA:4,0
DA:5,0
DA:6,0
DA:7,0
DA:10,0
DA:15,0
DA:18,0
DA:19,0
DA:20,0
DA:21,0
DA:22,0
DA:23,0
DA:24,0
DA:29,0
DA:30,0
DA:31,0
DA:32,0
DA:34,0
DA:36,0
DA:37,0
DA:39,0
DA:41,0
DA:42,0
DA:43,0
DA:44,0
DA:45,0
DA:49,0
DA:53,0
DA:54,0
DA:55,0
DA:56,0
DA:58,0
DA:59,0
DA:60,0
DA:62,0
DA:63,0
DA:64,0
DA:65,0
DA:66,0
DA:70,0
DA:71,0
DA:72,0
DA:73,0
DA:76,0
DA:77,0
DA:78,0
DA:80,0
DA:82,0
DA:83,0
DA:84,0
DA:85,0
DA:86,0
DA:90,0
DA:92,0
DA:96,0
DA:97,0
DA:101,0
DA:102,0
DA:103,0
DA:104,0
DA:105,0
DA:106,0
DA:107,0
DA:111,0
DA:112,0
DA:113,0
DA:116,0
DA:120,0
DA:121,0
DA:122,0
DA:123,0
DA:124,0
DA:125,0
DA:126,0
DA:127,0
DA:128,0
DA:129,0
DA:130,0
DA:131,0
DA:132,0
DA:140,0
LF:84
LH:0
BRDA:9,0,0,0
BRDA:34,1,0,0
BRDA:34,1,1,0
BRDA:34,2,0,0
BRDA:34,2,1,0
BRDA:36,3,0,0
BRDA:36,3,1,0
BRDA:41,4,0,0
BRDA:41,4,1,0
BRDA:43,5,0,0
BRDA:43,5,1,0
BRDA:58,6,0,0
BRDA:58,6,1,0
BRDA:62,7,0,0
BRDA:62,7,1,0
BRDA:64,8,0,0
BRDA:64,8,1,0
BRDA:65,9,0,0
BRDA:65,9,1,0
BRDA:83,10,0,0
BRDA:83,10,1,0
BRDA:84,11,0,0
BRDA:84,11,1,0
BRDA:84,12,0,0
BRDA:84,12,1,0
BRDA:96,13,0,0
BRDA:96,13,1,0
BRDA:101,14,0,0
BRDA:101,14,1,0
BRDA:103,15,0,0
BRDA:103,15,1,0
BRDA:103,16,0,0
BRDA:103,16,1,0
BRDA:112,17,0,0
BRDA:112,17,1,0
BRDA:120,18,0,0
BRDA:120,18,1,0
BRDA:128,19,0,0
BRDA:128,19,1,0
BRDA:128,20,0,0
BRDA:128,20,1,0
BRDA:131,21,0,0
BRDA:131,21,1,0
BRF:43
BRH:0
end_of_record
TN:
SF:src/util.js
FNF:0
FNH:0
DA:1,1
DA:2,1
DA:3,1
DA:4,1
LF:4
LH:4
BRF:0
BRH:0
end_of_record
TN:
SF:src/util/findFiles.js
FN:19,_callee
FNF:1
FNH:0
FNDA:0,_callee
DA:1,1
DA:2,1
DA:3,1
DA:5,1
DA:19,0
DA:20,0
DA:22,0
DA:23,0
DA:24,0
DA:25,0
DA:26,0
DA:28,0
DA:34,0
DA:35,0
LF:14
LH:4
BRDA:19,0,0,0
BRDA:19,0,1,0
BRDA:19,0,2,0
BRDA:19,0,3,0
BRDA:19,0,4,0
BRDA:19,0,5,0
BRDA:19,0,6,0
BRDA:19,0,7,0
BRDA:19,0,8,0
BRDA:19,1,0,0
BRDA:19,1,1,0
BRDA:19,2,0,1
BRDA:19,2,1,1
BRF:13
BRH:2
end_of_record
TN:
SF:src/util/isFile.js
FN:10,_callee
FN:11,(anonymous_13)
FN:13,(anonymous_14)
FNF:3
FNH:0
FNDA:0,_callee
FNDA:0,(anonymous_13)
FNDA:0,(anonymous_14)
DA:1,1
DA:2,1
DA:10,0
DA:12,0
DA:13,0
DA:14,0
DA:15,0
DA:17,0
DA:20,0
LF:9
LH:2
BRDA:10,0,0,0
BRDA:10,0,1,0
BRDA:10,0,2,0
BRDA:12,1,0,0
BRDA:12,1,1,0
BRDA:14,2,0,0
BRDA:14,2,1,0
BRDA:10,3,0,1
BRDA:10,3,1,1
BRF:9
BRH:2
end_of_record
TN:
SF:src/util/mapObject.js
FN:7,_callee
FNF:1
FNH:0
FNDA:0,_callee
DA:7,0
DA:8,0
DA:9,0
DA:10,0
DA:11,0
LF:5
LH:0
BRDA:7,0,0,0
BRDA:7,0,1,0
BRDA:7,0,2,0
BRDA:7,0,3,0
BRDA:7,0,4,0
BRDA:7,1,0,0
BRDA:7,1,1,0
BRF:7
BRH:0
end_of_record
TN:
SF:src/util/writeFileIfNotExist.js
FN:11,_callee
FNF:1
FNH:1
FNDA:4,_callee
DA:1,1
DA:2,1
DA:3,1
DA:11,12
DA:12,1
DA:13,0
DA:15,1
DA:16,1
DA:17,1
DA:18,8
DA:19,8
DA:22,1
LF:12
LH:11
BRDA:11,0,0,1
BRDA:11,0,1,1
BRDA:11,0,2,1
BRDA:11,0,3,1
BRDA:12,1,0,0
BRDA:12,1,1,1
BRDA:11,2,0,1
BRDA:11,2,1,1
BRF:8
BRH:7
end_of_record
