TN:
SF:src/index.js
FNF:0
FNH:0
LF:0
LH:0
BRF:0
BRH:0
end_of_record
TN:
SF:src/util.js
FNF:0
FNH:0
DA:1,1
DA:2,1
DA:3,1
DA:4,1
LF:4
LH:4
BRF:0
BRH:0
end_of_record
TN:
SF:src/util/findFiles.js
FNF:0
FNH:0
DA:1,1
DA:2,1
DA:3,1
DA:5,1
DA:28,0
LF:5
LH:4
BRF:0
BRH:0
end_of_record
TN:
SF:src/util/isFile.js
FN:10,_callee
FN:11,(anonymous_13)
FN:13,(anonymous_14)
FNF:3
FNH:0
FNDA:0,_callee
FNDA:0,(anonymous_13)
FNDA:0,(anonymous_14)
DA:1,1
DA:2,1
DA:10,0
DA:12,0
DA:13,0
DA:14,0
DA:15,0
DA:17,0
DA:20,0
LF:9
LH:2
BRDA:10,0,0,0
BRDA:10,0,1,0
BRDA:10,0,2,0
BRDA:12,1,0,0
BRDA:12,1,1,0
BRDA:14,2,0,0
BRDA:14,2,1,0
BRDA:10,3,0,1
BRDA:10,3,1,1
BRF:9
BRH:2
end_of_record
TN:
SF:src/util/mapObject.js
FN:7,_callee
FNF:1
FNH:0
FNDA:0,_callee
DA:7,0
DA:8,0
DA:9,0
DA:10,0
DA:11,0
LF:5
LH:0
BRDA:7,0,0,0
BRDA:7,0,1,0
BRDA:7,0,2,0
BRDA:7,0,3,0
BRDA:7,0,4,0
BRDA:7,1,0,0
BRDA:7,1,1,0
BRF:7
BRH:0
end_of_record
TN:
SF:src/util/writeFileIfNotExist.js
FN:11,_callee
FNF:1
FNH:1
FNDA:4,_callee
DA:1,1
DA:2,1
DA:3,1
DA:11,12
DA:12,1
DA:13,0
DA:15,1
DA:16,1
DA:17,1
DA:18,8
DA:19,8
DA:22,1
LF:12
LH:11
BRDA:11,0,0,1
BRDA:11,0,1,1
BRDA:11,0,2,1
BRDA:11,0,3,1
BRDA:12,1,0,0
BRDA:12,1,1,1
BRDA:11,2,0,1
BRDA:11,2,1,1
BRF:8
BRH:7
end_of_record
